<?xml version="1.0" encoding="UTF-8"?>
<!-- Generated by org.testng.reporters.JUnitReportReporter -->
<testsuite skipped="0" hostname="DESKTOP-QO6LLN3" name="tests.DrawMapSaleTest" tests="1" failures="0" timestamp="8 Dec 2016 15:20:39 GMT" time="12.665" errors="0">
  <testcase name="f" time="12.665" classname="tests.DrawMapSaleTest"/>
</testsuite> <!-- tests.DrawMapSaleTest -->
