<?xml version="1.0" encoding="UTF-8"?>
<!-- Generated by org.testng.reporters.JUnitReportReporter -->
<testsuite skipped="0" hostname="DESKTOP-QO6LLN3" name="tests.ForSaleTest" tests="1" failures="0" timestamp="8 Dec 2016 11:16:28 GMT" time="11.832" errors="0">
  <testcase name="f" time="11.832" classname="tests.ForSaleTest"/>
</testsuite> <!-- tests.ForSaleTest -->
