<?xml version="1.0" encoding="UTF-8"?>
<!-- Generated by org.testng.reporters.JUnitReportReporter -->
<testsuite skipped="0" hostname="DESKTOP-QO6LLN3" name="tests.NewHomesForSaleTest" tests="1" failures="0" timestamp="8 Dec 2016 15:20:39 GMT" time="13.473" errors="0">
  <testcase name="f" time="13.473" classname="tests.NewHomesForSaleTest"/>
</testsuite> <!-- tests.NewHomesForSaleTest -->
