<?xml version="1.0" encoding="UTF-8"?>
<!-- Generated by org.testng.reporters.JUnitReportReporter -->
<testsuite name="tests.CommercialTest" tests="1" time="30.773" ignored="0" failures="0" timestamp="09 Dec 2016 07:26:38 GMT" skipped="0" hostname="DESKTOP-QO6LLN3" errors="0">
  <testcase name="f" time="30.773" classname="tests.CommercialTest"/>
</testsuite> <!-- tests.CommercialTest -->
