<?xml version="1.0" encoding="UTF-8"?>
<!-- Generated by org.testng.reporters.JUnitReportReporter -->
<testsuite skipped="0" hostname="DESKTOP-QO6LLN3" name="tests.LoginTest" tests="1" failures="0" timestamp="8 Dec 2016 15:06:41 GMT" time="11.880" errors="0">
  <testcase name="f" time="11.880" classname="tests.LoginTest"/>
</testsuite> <!-- tests.LoginTest -->
