<?xml version="1.0" encoding="UTF-8"?>
<!-- Generated by org.testng.reporters.JUnitReportReporter -->
<testsuite skipped="0" hostname="DESKTOP-QO6LLN3" name="tests.ToRentTest" tests="1" failures="0" timestamp="5 Dec 2016 12:44:40 GMT" time="21.001" errors="0">
  <testcase name="f" time="21.001" classname="tests.ToRentTest"/>
</testsuite> <!-- tests.ToRentTest -->
