<?xml version="1.0" encoding="UTF-8"?>
<!-- Generated by org.testng.reporters.JUnitReportReporter -->
<testsuite skipped="0" hostname="DESKTOP-QO6LLN3" name="tests.TravelTimeSaleTest" tests="1" failures="0" timestamp="8 Dec 2016 15:20:39 GMT" time="14.897" errors="0">
  <testcase name="f" time="14.897" classname="tests.TravelTimeSaleTest"/>
</testsuite> <!-- tests.TravelTimeSaleTest -->
