<?xml version="1.0" encoding="UTF-8"?>
<!-- Generated by org.testng.reporters.JUnitReportReporter -->
<testsuite name="tests.EstateAgentSaleTest" tests="1" time="21.911" ignored="0" failures="0" timestamp="13 Dec 2016 14:48:00 GMT" skipped="0" hostname="DESKTOP-QO6LLN3" errors="0">
  <testcase name="f" time="21.911" classname="tests.EstateAgentSaleTest"/>
</testsuite> <!-- tests.EstateAgentSaleTest -->
