<?xml version="1.0" encoding="UTF-8"?>
<!-- Generated by org.testng.reporters.JUnitReportReporter -->
<testsuite name="tests.DrawMapSaleTest" tests="1" time="22.440" ignored="0" failures="0" timestamp="13 Dec 2016 14:48:00 GMT" skipped="0" hostname="DESKTOP-QO6LLN3" errors="0">
  <testcase name="f" time="22.440" classname="tests.DrawMapSaleTest"/>
</testsuite> <!-- tests.DrawMapSaleTest -->
